D:\PROYECTOS\DYNAMICFASTBUFFERS\LIB\I86WIN32VS2010\DYNAMICFASTBUFFERS.DLL
D:\Proyectos\DynamicFastBuffers\lib\i86Win32VS2010\DynamicFastBuffers.exp
D:\PROYECTOS\DYNAMICFASTBUFFERS\LIB\I86WIN32VS2010\DYNAMICFASTBUFFERS.ILK
D:\Proyectos\DynamicFastBuffers\lib\i86Win32VS2010\DynamicFastBuffers.lib
D:\PROYECTOS\DYNAMICFASTBUFFERS\LIB\I86WIN32VS2010\DYNAMICFASTBUFFERS.PDB
D:\Proyectos\DynamicFastBuffers\win32\cpp\DynamicFastBuffers\DynamicFastBuffers\..\..\..\..\lib\i86Win32VS2010\DynamicFastBuffers.dll
D:\Proyectos\DynamicFastBuffers\win32\cpp\DynamicFastBuffers\DynamicFastBuffers\..\..\..\..\lib\i86Win32VS2010\DynamicFastBuffers.ilk
D:\Proyectos\DynamicFastBuffers\win32\cpp\DynamicFastBuffers\DynamicFastBuffers\..\..\..\..\lib\i86Win32VS2010\DynamicFastBuffers.pdb
D:\PROYECTOS\DYNAMICFASTBUFFERS\WIN32\CPP\DYNAMICFASTBUFFERS\DYNAMICFASTBUFFERS\WIN32\RELEASEDLL\BYTECODEAPI.OBJ
D:\Proyectos\DynamicFastBuffers\win32\cpp\DynamicFastBuffers\DynamicFastBuffers\Win32\ReleaseDLL\cl.command.1.tlog
D:\Proyectos\DynamicFastBuffers\win32\cpp\DynamicFastBuffers\DynamicFastBuffers\Win32\ReleaseDLL\CL.read.1.tlog
D:\Proyectos\DynamicFastBuffers\win32\cpp\DynamicFastBuffers\DynamicFastBuffers\Win32\ReleaseDLL\CL.write.1.tlog
D:\PROYECTOS\DYNAMICFASTBUFFERS\WIN32\CPP\DYNAMICFASTBUFFERS\DYNAMICFASTBUFFERS\WIN32\RELEASEDLL\COMMONDATA.OBJ
D:\PROYECTOS\DYNAMICFASTBUFFERS\WIN32\CPP\DYNAMICFASTBUFFERS\DYNAMICFASTBUFFERS\WIN32\RELEASEDLL\DYNAMICFASTBUFFERS.DLL.EMBED.MANIFEST
D:\PROYECTOS\DYNAMICFASTBUFFERS\WIN32\CPP\DYNAMICFASTBUFFERS\DYNAMICFASTBUFFERS\WIN32\RELEASEDLL\DYNAMICFASTBUFFERS.DLL.EMBED.MANIFEST.RES
D:\PROYECTOS\DYNAMICFASTBUFFERS\WIN32\CPP\DYNAMICFASTBUFFERS\DYNAMICFASTBUFFERS\WIN32\RELEASEDLL\DYNAMICFASTBUFFERS.DLL.INTERMEDIATE.MANIFEST
D:\Proyectos\DynamicFastBuffers\win32\cpp\DynamicFastBuffers\DynamicFastBuffers\Win32\ReleaseDLL\DynamicFastBuffers.write.1.tlog
D:\Proyectos\DynamicFastBuffers\win32\cpp\DynamicFastBuffers\DynamicFastBuffers\Win32\ReleaseDLL\DynamicFastBuffers_manifest.rc
D:\Proyectos\DynamicFastBuffers\win32\cpp\DynamicFastBuffers\DynamicFastBuffers\Win32\ReleaseDLL\link.6084.read.1.tlog
D:\Proyectos\DynamicFastBuffers\win32\cpp\DynamicFastBuffers\DynamicFastBuffers\Win32\ReleaseDLL\link.6084.write.1.tlog
D:\Proyectos\DynamicFastBuffers\win32\cpp\DynamicFastBuffers\DynamicFastBuffers\Win32\ReleaseDLL\link.6084-cvtres.read.1.tlog
D:\Proyectos\DynamicFastBuffers\win32\cpp\DynamicFastBuffers\DynamicFastBuffers\Win32\ReleaseDLL\link.6084-cvtres.write.1.tlog
D:\Proyectos\DynamicFastBuffers\win32\cpp\DynamicFastBuffers\DynamicFastBuffers\Win32\ReleaseDLL\link.command.1.tlog
D:\Proyectos\DynamicFastBuffers\win32\cpp\DynamicFastBuffers\DynamicFastBuffers\Win32\ReleaseDLL\link.read.1.tlog
D:\Proyectos\DynamicFastBuffers\win32\cpp\DynamicFastBuffers\DynamicFastBuffers\Win32\ReleaseDLL\link.write.1.tlog
D:\Proyectos\DynamicFastBuffers\win32\cpp\DynamicFastBuffers\DynamicFastBuffers\Win32\ReleaseDLL\link-cvtres.read.1.tlog
D:\Proyectos\DynamicFastBuffers\win32\cpp\DynamicFastBuffers\DynamicFastBuffers\Win32\ReleaseDLL\link-cvtres.write.1.tlog
D:\PROYECTOS\DYNAMICFASTBUFFERS\WIN32\CPP\DYNAMICFASTBUFFERS\DYNAMICFASTBUFFERS\WIN32\RELEASEDLL\MAIN.OBJ
D:\Proyectos\DynamicFastBuffers\win32\cpp\DynamicFastBuffers\DynamicFastBuffers\Win32\ReleaseDLL\mt.command.1.tlog
D:\Proyectos\DynamicFastBuffers\win32\cpp\DynamicFastBuffers\DynamicFastBuffers\Win32\ReleaseDLL\mt.read.1.tlog
D:\Proyectos\DynamicFastBuffers\win32\cpp\DynamicFastBuffers\DynamicFastBuffers\Win32\ReleaseDLL\mt.write.1.tlog
D:\PROYECTOS\DYNAMICFASTBUFFERS\WIN32\CPP\DYNAMICFASTBUFFERS\DYNAMICFASTBUFFERS\WIN32\RELEASEDLL\NOTENOUGHPARAMSEXCEPTION.OBJ
D:\Proyectos\DynamicFastBuffers\win32\cpp\DynamicFastBuffers\DynamicFastBuffers\Win32\ReleaseDLL\rc.command.1.tlog
D:\Proyectos\DynamicFastBuffers\win32\cpp\DynamicFastBuffers\DynamicFastBuffers\Win32\ReleaseDLL\rc.read.1.tlog
D:\Proyectos\DynamicFastBuffers\win32\cpp\DynamicFastBuffers\DynamicFastBuffers\Win32\ReleaseDLL\rc.write.1.tlog
D:\PROYECTOS\DYNAMICFASTBUFFERS\WIN32\CPP\DYNAMICFASTBUFFERS\DYNAMICFASTBUFFERS\WIN32\RELEASEDLL\SERIALIZERAPI.OBJ
D:\PROYECTOS\DYNAMICFASTBUFFERS\WIN32\CPP\DYNAMICFASTBUFFERS\DYNAMICFASTBUFFERS\WIN32\RELEASEDLL\TYPECODEAPI.OBJ
D:\Proyectos\DynamicFastBuffers\win32\cpp\DynamicFastBuffers\DynamicFastBuffers\Win32\ReleaseDLL\vc100.idb
D:\PROYECTOS\DYNAMICFASTBUFFERS\WIN32\CPP\DYNAMICFASTBUFFERS\DYNAMICFASTBUFFERS\WIN32\RELEASEDLL\VC100.PDB
D:\PROYECTOS\DYNAMICFASTBUFFERS\WIN32\CPP\DYNAMICFASTBUFFERS\DYNAMICFASTBUFFERS\WIN32\RELEASEDLL\WRONGPARAMEXCEPTION.OBJ
D:\PROYECTOS\DYNAMICFASTBUFFERS\WIN32\CPP\DYNAMICFASTBUFFERS\DYNAMICFASTBUFFERS\WIN32\RELEASEDLL\WRONGTYPEEXCEPTION.OBJ
