D:\PROYECTOS\DYNAMICFASTBUFFERS\WIN32\VS2010\DYNAMICFASTBUFFERS\X64\RELEASE\BYTECODEAPI.OBJ
D:\Proyectos\DynamicFastBuffers\win32\VS2010\DynamicFastBuffers\x64\Release\cl.command.1.tlog
D:\Proyectos\DynamicFastBuffers\win32\VS2010\DynamicFastBuffers\x64\Release\CL.read.1.tlog
D:\Proyectos\DynamicFastBuffers\win32\VS2010\DynamicFastBuffers\x64\Release\CL.write.1.tlog
D:\PROYECTOS\DYNAMICFASTBUFFERS\WIN32\VS2010\DYNAMICFASTBUFFERS\X64\RELEASE\COMMONDATA.OBJ
D:\PROYECTOS\DYNAMICFASTBUFFERS\WIN32\VS2010\DYNAMICFASTBUFFERS\X64\RELEASE\DYNAMICFASTBUFFERS.EXE.INTERMEDIATE.MANIFEST
D:\Proyectos\DynamicFastBuffers\win32\VS2010\DynamicFastBuffers\x64\Release\link.command.1.tlog
D:\Proyectos\DynamicFastBuffers\win32\VS2010\DynamicFastBuffers\x64\Release\link.read.1.tlog
D:\Proyectos\DynamicFastBuffers\win32\VS2010\DynamicFastBuffers\x64\Release\link.write.1.tlog
D:\PROYECTOS\DYNAMICFASTBUFFERS\WIN32\VS2010\DYNAMICFASTBUFFERS\X64\RELEASE\MAIN.OBJ
D:\Proyectos\DynamicFastBuffers\win32\VS2010\DynamicFastBuffers\x64\Release\mt.command.1.tlog
D:\Proyectos\DynamicFastBuffers\win32\VS2010\DynamicFastBuffers\x64\Release\mt.read.1.tlog
D:\Proyectos\DynamicFastBuffers\win32\VS2010\DynamicFastBuffers\x64\Release\mt.write.1.tlog
D:\PROYECTOS\DYNAMICFASTBUFFERS\WIN32\VS2010\DYNAMICFASTBUFFERS\X64\RELEASE\NOTENOUGHPARAMSEXCEPTION.OBJ
D:\PROYECTOS\DYNAMICFASTBUFFERS\WIN32\VS2010\DYNAMICFASTBUFFERS\X64\RELEASE\SERIALIZERAPI.OBJ
D:\PROYECTOS\DYNAMICFASTBUFFERS\WIN32\VS2010\DYNAMICFASTBUFFERS\X64\RELEASE\TYPECODEAPI.OBJ
D:\PROYECTOS\DYNAMICFASTBUFFERS\WIN32\VS2010\DYNAMICFASTBUFFERS\X64\RELEASE\VC100.PDB
D:\PROYECTOS\DYNAMICFASTBUFFERS\WIN32\VS2010\DYNAMICFASTBUFFERS\X64\RELEASE\WRONGPARAMEXCEPTION.OBJ
D:\PROYECTOS\DYNAMICFASTBUFFERS\WIN32\VS2010\DYNAMICFASTBUFFERS\X64\RELEASE\WRONGTYPEEXCEPTION.OBJ
D:\PROYECTOS\DYNAMICFASTBUFFERS\WIN32\VS2010\X64\RELEASE\DYNAMICFASTBUFFERS.EXE
D:\PROYECTOS\DYNAMICFASTBUFFERS\WIN32\VS2010\X64\RELEASE\DYNAMICFASTBUFFERS.PDB
