Build started 6/13/2013 12:21:19 PM.
     1>Project "D:\Proyectos\DynamicFastBuffers\win32\cpp\DynamicFastBuffers\DynamicFastBuffers\DynamicFastBuffers.vcxproj" on node 2 (build target(s)).
     1>InitializeBuildStatus:
         Creating "x64\Release\DynamicFastBuffers.unsuccessfulbuild" because "AlwaysCreate" was specified.
       ClCompile:
         C:\Program Files (x86)\Microsoft Visual Studio 10.0\VC\bin\x86_amd64\CL.exe /c /ID:\Proyectos\DynamicFastBuffers\win32\cpp\DynamicFastBuffers\DynamicFastBuffers\..\..\..\..\include /ID:\Proyectos\DynamicFastBuffers\win32\cpp\DynamicFastBuffers\DynamicFastBuffers\..\..\..\..\..\CDR\include\ /ID:\Proyectos\DynamicFastBuffers\win32\cpp\DynamicFastBuffers\DynamicFastBuffers\..\..\..\..\..\CDR\include\cpp\ /ID:\Proyectos\eProsima\eProsima\code\ /Zi /nologo /W3 /WX- /Od /D WIN32 /D __LITTLE_ENDIAN__ /D EPROSIMA_WIN32 /D NDEBUG /D _MBCS /Gm /EHsc /RTC1 /MDd /GS /fp:precise /Zc:wchar_t /Zc:forScope /Fo"x64\Release\\" /Fd"x64\Release\vc100.pdb" /Gd /TP /errorReport:prompt ..\..\..\..\src\cpp\BytecodeAPI.cpp ..\..\..\..\src\cpp\CommonData.cpp ..\..\..\..\src\cpp\exceptions\NotEnoughParamsException.cpp ..\..\..\..\src\cpp\exceptions\WrongParamException.cpp ..\..\..\..\src\cpp\exceptions\WrongTypeException.cpp ..\..\..\..\src\cpp\SerializerAPI.cpp ..\..\..\..\src\cpp\TypecodeAPI.cpp Main.cpp
         Main.cpp
         TypecodeAPI.cpp
     1>..\..\..\..\src\cpp\TypecodeAPI.cpp(56): warning C4101: 'p' : unreferenced local variable
         SerializerAPI.cpp
     1>..\..\..\..\src\cpp\SerializerAPI.cpp(11): warning C4267: 'initializing' : conversion from 'size_t' to 'int', possible loss of data
     1>..\..\..\..\src\cpp\SerializerAPI.cpp(13): warning C4267: 'initializing' : conversion from 'size_t' to 'int', possible loss of data
     1>..\..\..\..\src\cpp\SerializerAPI.cpp(36): warning C4267: 'initializing' : conversion from 'size_t' to 'int', possible loss of data
     1>..\..\..\..\src\cpp\SerializerAPI.cpp(38): warning C4267: 'initializing' : conversion from 'size_t' to 'int', possible loss of data
         WrongTypeException.cpp
         WrongParamException.cpp
         NotEnoughParamsException.cpp
         CommonData.cpp
     1>..\..\..\..\src\cpp\CommonData.cpp(150): warning C4267: 'return' : conversion from 'size_t' to 'int', possible loss of data
         BytecodeAPI.cpp
     1>..\..\..\..\src\cpp\BytecodeAPI.cpp(291): warning C4267: 'argument' : conversion from 'size_t' to 'int', possible loss of data
         Generating Code...
       Lib:
         C:\Program Files (x86)\Microsoft Visual Studio 10.0\VC\bin\x86_amd64\Lib.exe /OUT:"D:\Proyectos\DynamicFastBuffers\win32\cpp\DynamicFastBuffers\DynamicFastBuffers\..\..\..\..\lib\x64Win64VS2010\DynamicFastBuffersz.lib" /NOLOGO x64\Release\BytecodeAPI.obj
         x64\Release\CommonData.obj
         x64\Release\NotEnoughParamsException.obj
         x64\Release\WrongParamException.obj
         x64\Release\WrongTypeException.obj
         x64\Release\SerializerAPI.obj
         x64\Release\TypecodeAPI.obj
         x64\Release\Main.obj
         DynamicFastBuffers.vcxproj -> D:\Proyectos\DynamicFastBuffers\win32\cpp\DynamicFastBuffers\DynamicFastBuffers\..\..\..\..\lib\x64Win64VS2010\DynamicFastBuffersz.lib
       FinalizeBuildStatus:
         Deleting file "x64\Release\DynamicFastBuffers.unsuccessfulbuild".
         Touching "x64\Release\DynamicFastBuffers.lastbuildstate".
     1>Done Building Project "D:\Proyectos\DynamicFastBuffers\win32\cpp\DynamicFastBuffers\DynamicFastBuffers\DynamicFastBuffers.vcxproj" (build target(s)).

Build succeeded.

Time Elapsed 00:00:04.82
