C:\USERS\RAFAELLARA\DESKTOP\DYNAMICFASTBUFFERS\WIN32\VS2010\DYNAMICFASTBUFFERS\X64\DEBUG\VC100.PDB
D:\Proyectos\DynamicFastBuffers\win32\cpp\DynamicFastBuffers\DynamicFastBuffers\x64\Debug\cl.command.1.tlog
D:\Proyectos\DynamicFastBuffers\win32\cpp\DynamicFastBuffers\DynamicFastBuffers\x64\Debug\CL.read.1.tlog
D:\Proyectos\DynamicFastBuffers\win32\cpp\DynamicFastBuffers\DynamicFastBuffers\x64\Debug\CL.write.1.tlog
D:\Proyectos\DynamicFastBuffers\win32\cpp\DynamicFastBuffers\DynamicFastBuffers\x64\Debug\DynamicFastBuffers.dll.embed.manifest
D:\Proyectos\DynamicFastBuffers\win32\cpp\DynamicFastBuffers\DynamicFastBuffers\x64\Debug\DynamicFastBuffers.dll.embed.manifest.res
D:\Proyectos\DynamicFastBuffers\win32\cpp\DynamicFastBuffers\DynamicFastBuffers\x64\Debug\DynamicFastBuffers.dll.intermediate.manifest
D:\Proyectos\DynamicFastBuffers\win32\cpp\DynamicFastBuffers\DynamicFastBuffers\x64\Debug\DynamicFastBuffers.exe.embed.manifest
D:\Proyectos\DynamicFastBuffers\win32\cpp\DynamicFastBuffers\DynamicFastBuffers\x64\Debug\DynamicFastBuffers.exe.embed.manifest.res
D:\Proyectos\DynamicFastBuffers\win32\cpp\DynamicFastBuffers\DynamicFastBuffers\x64\Debug\DynamicFastBuffers.exe.intermediate.manifest
D:\Proyectos\DynamicFastBuffers\win32\cpp\DynamicFastBuffers\DynamicFastBuffers\x64\Debug\DynamicFastBuffers.write.1.tlog
D:\Proyectos\DynamicFastBuffers\win32\cpp\DynamicFastBuffers\DynamicFastBuffers\x64\Debug\DynamicFastBuffers_manifest.rc
D:\Proyectos\DynamicFastBuffers\win32\cpp\DynamicFastBuffers\DynamicFastBuffers\x64\Debug\lib.command.1.tlog
D:\Proyectos\DynamicFastBuffers\win32\cpp\DynamicFastBuffers\DynamicFastBuffers\x64\Debug\Lib-link.read.1.tlog
D:\Proyectos\DynamicFastBuffers\win32\cpp\DynamicFastBuffers\DynamicFastBuffers\x64\Debug\Lib-link.write.1.tlog
D:\Proyectos\DynamicFastBuffers\win32\cpp\DynamicFastBuffers\DynamicFastBuffers\x64\Debug\link.2604.read.1.tlog
D:\Proyectos\DynamicFastBuffers\win32\cpp\DynamicFastBuffers\DynamicFastBuffers\x64\Debug\link.2604.write.1.tlog
D:\Proyectos\DynamicFastBuffers\win32\cpp\DynamicFastBuffers\DynamicFastBuffers\x64\Debug\link.2604-cvtres.read.1.tlog
D:\Proyectos\DynamicFastBuffers\win32\cpp\DynamicFastBuffers\DynamicFastBuffers\x64\Debug\link.2604-cvtres.write.1.tlog
D:\Proyectos\DynamicFastBuffers\win32\cpp\DynamicFastBuffers\DynamicFastBuffers\x64\Debug\link.3100.read.1.tlog
D:\Proyectos\DynamicFastBuffers\win32\cpp\DynamicFastBuffers\DynamicFastBuffers\x64\Debug\link.3100.write.1.tlog
D:\Proyectos\DynamicFastBuffers\win32\cpp\DynamicFastBuffers\DynamicFastBuffers\x64\Debug\link.3100-cvtres.read.1.tlog
D:\Proyectos\DynamicFastBuffers\win32\cpp\DynamicFastBuffers\DynamicFastBuffers\x64\Debug\link.3100-cvtres.write.1.tlog
D:\Proyectos\DynamicFastBuffers\win32\cpp\DynamicFastBuffers\DynamicFastBuffers\x64\Debug\link.command.1.tlog
D:\Proyectos\DynamicFastBuffers\win32\cpp\DynamicFastBuffers\DynamicFastBuffers\x64\Debug\link.read.1.tlog
D:\Proyectos\DynamicFastBuffers\win32\cpp\DynamicFastBuffers\DynamicFastBuffers\x64\Debug\link.write.1.tlog
D:\Proyectos\DynamicFastBuffers\win32\cpp\DynamicFastBuffers\DynamicFastBuffers\x64\Debug\link-cvtres.read.1.tlog
D:\Proyectos\DynamicFastBuffers\win32\cpp\DynamicFastBuffers\DynamicFastBuffers\x64\Debug\link-cvtres.write.1.tlog
D:\Proyectos\DynamicFastBuffers\win32\cpp\DynamicFastBuffers\DynamicFastBuffers\x64\Debug\mt.command.1.tlog
D:\Proyectos\DynamicFastBuffers\win32\cpp\DynamicFastBuffers\DynamicFastBuffers\x64\Debug\mt.read.1.tlog
D:\Proyectos\DynamicFastBuffers\win32\cpp\DynamicFastBuffers\DynamicFastBuffers\x64\Debug\mt.write.1.tlog
D:\Proyectos\DynamicFastBuffers\win32\cpp\DynamicFastBuffers\DynamicFastBuffers\x64\Debug\rc.command.1.tlog
D:\Proyectos\DynamicFastBuffers\win32\cpp\DynamicFastBuffers\DynamicFastBuffers\x64\Debug\rc.read.1.tlog
D:\Proyectos\DynamicFastBuffers\win32\cpp\DynamicFastBuffers\DynamicFastBuffers\x64\Debug\rc.write.1.tlog
D:\Proyectos\DynamicFastBuffers\win32\cpp\DynamicFastBuffers\DynamicFastBuffers\x64\Debug\vc100.idb
D:\Proyectos\DynamicFastBuffers\win32\cpp\DynamicFastBuffers\DynamicFastBuffers\x64\Debug\vc100.pdb
D:\PROYECTOS\DYNAMICFASTBUFFERS\WIN32\VS2010\DYNAMICFASTBUFFERS\X64\DEBUG\BYTECODEAPI.OBJ
D:\PROYECTOS\DYNAMICFASTBUFFERS\WIN32\VS2010\DYNAMICFASTBUFFERS\X64\DEBUG\COMMONDATA.OBJ
D:\PROYECTOS\DYNAMICFASTBUFFERS\WIN32\VS2010\DYNAMICFASTBUFFERS\X64\DEBUG\DYNAMICFASTBUFFERS.DLL.EMBED.MANIFEST
D:\PROYECTOS\DYNAMICFASTBUFFERS\WIN32\VS2010\DYNAMICFASTBUFFERS\X64\DEBUG\DYNAMICFASTBUFFERS.EXE.EMBED.MANIFEST
D:\PROYECTOS\DYNAMICFASTBUFFERS\WIN32\VS2010\DYNAMICFASTBUFFERS\X64\DEBUG\DYNAMICFASTBUFFERS.EXE.EMBED.MANIFEST.RES
D:\PROYECTOS\DYNAMICFASTBUFFERS\WIN32\VS2010\DYNAMICFASTBUFFERS\X64\DEBUG\DYNAMICFASTBUFFERS.EXE.INTERMEDIATE.MANIFEST
D:\PROYECTOS\DYNAMICFASTBUFFERS\WIN32\VS2010\DYNAMICFASTBUFFERS\X64\DEBUG\MAIN.OBJ
D:\PROYECTOS\DYNAMICFASTBUFFERS\WIN32\VS2010\DYNAMICFASTBUFFERS\X64\DEBUG\NOTENOUGHPARAMSEXCEPTION.OBJ
D:\PROYECTOS\DYNAMICFASTBUFFERS\WIN32\VS2010\DYNAMICFASTBUFFERS\X64\DEBUG\SERIALIZERAPI.OBJ
D:\PROYECTOS\DYNAMICFASTBUFFERS\WIN32\VS2010\DYNAMICFASTBUFFERS\X64\DEBUG\TYPECODEAPI.OBJ
D:\PROYECTOS\DYNAMICFASTBUFFERS\WIN32\VS2010\DYNAMICFASTBUFFERS\X64\DEBUG\VC100.PDB
D:\PROYECTOS\DYNAMICFASTBUFFERS\WIN32\VS2010\DYNAMICFASTBUFFERS\X64\DEBUG\WRONGPARAMEXCEPTION.OBJ
D:\PROYECTOS\DYNAMICFASTBUFFERS\WIN32\VS2010\DYNAMICFASTBUFFERS\X64\DEBUG\WRONGTYPEEXCEPTION.OBJ
D:\PROYECTOS\DYNAMICFASTBUFFERS\WIN32\VS2010\X64\DEBUG\DYNAMICFASTBUFFERS.EXE
D:\Proyectos\DynamicFastBuffers\win32\VS2010\x64\Debug\DynamicFastBuffers.exp
D:\PROYECTOS\DYNAMICFASTBUFFERS\WIN32\VS2010\X64\DEBUG\DYNAMICFASTBUFFERS.ILK
D:\PROYECTOS\DYNAMICFASTBUFFERS\WIN32\VS2010\X64\DEBUG\DYNAMICFASTBUFFERS.LIB
D:\PROYECTOS\DYNAMICFASTBUFFERS\WIN32\VS2010\X64\DEBUG\DYNAMICFASTBUFFERS.PDB
