Build started 6/13/2013 11:56:20 AM.
     1>Project "D:\Proyectos\DynamicFastBuffers\win32\cpp\DynamicFastBuffers\DynamicFastBuffers\DynamicFastBuffers.vcxproj" on node 2 (build target(s)).
     1>InitializeBuildStatus:
         Creating "Win32\Release\DynamicFastBuffers.unsuccessfulbuild" because "AlwaysCreate" was specified.
       ClCompile:
         C:\Program Files (x86)\Microsoft Visual Studio 10.0\VC\bin\CL.exe /c /ID:\Proyectos\DynamicFastBuffers\win32\cpp\DynamicFastBuffers\DynamicFastBuffers\..\..\..\..\include /ID:\Proyectos\DynamicFastBuffers\win32\cpp\DynamicFastBuffers\DynamicFastBuffers\..\..\..\..\..\CDR\include\ /ID:\Proyectos\DynamicFastBuffers\win32\cpp\DynamicFastBuffers\DynamicFastBuffers\..\..\..\..\..\CDR\include\cpp\ /ID:\Proyectos\eProsima\eProsima\code\ /Zi /nologo /W3 /WX- /Od /Oy- /D WIN32 /D __LITTLE_ENDIAN__ /D EPROSIMA_WIN32 /D NDEBUG /D _MBCS /Gm /EHsc /RTC1 /MDd /GS /fp:precise /Zc:wchar_t /Zc:forScope /Fo"Win32\Release\\" /Fd"Win32\Release\vc100.pdb" /Gd /TP /analyze- /errorReport:prompt ..\..\..\..\src\cpp\BytecodeAPI.cpp ..\..\..\..\src\cpp\CommonData.cpp ..\..\..\..\src\cpp\exceptions\NotEnoughParamsException.cpp ..\..\..\..\src\cpp\exceptions\WrongParamException.cpp ..\..\..\..\src\cpp\exceptions\WrongTypeException.cpp ..\..\..\..\src\cpp\SerializerAPI.cpp ..\..\..\..\src\cpp\TypecodeAPI.cpp Main.cpp
         Main.cpp
         TypecodeAPI.cpp
     1>..\..\..\..\src\cpp\TypecodeAPI.cpp(56): warning C4101: 'p' : unreferenced local variable
         SerializerAPI.cpp
         WrongTypeException.cpp
         WrongParamException.cpp
         NotEnoughParamsException.cpp
         CommonData.cpp
         BytecodeAPI.cpp
     1>..\..\..\..\src\cpp\BytecodeAPI.cpp(60): warning C4018: '<' : signed/unsigned mismatch
     1>..\..\..\..\src\cpp\BytecodeAPI.cpp(193): warning C4018: '<' : signed/unsigned mismatch
         Generating Code...
       Lib:
         C:\Program Files (x86)\Microsoft Visual Studio 10.0\VC\bin\Lib.exe /OUT:"D:\Proyectos\DynamicFastBuffers\win32\cpp\DynamicFastBuffers\DynamicFastBuffers\..\..\..\..\lib\i86Win32VS2010\DynamicFastBuffersz.lib" /NOLOGO Win32\Release\BytecodeAPI.obj
         Win32\Release\CommonData.obj
         Win32\Release\NotEnoughParamsException.obj
         Win32\Release\WrongParamException.obj
         Win32\Release\WrongTypeException.obj
         Win32\Release\SerializerAPI.obj
         Win32\Release\TypecodeAPI.obj
         Win32\Release\Main.obj
         DynamicFastBuffers.vcxproj -> D:\Proyectos\DynamicFastBuffers\win32\cpp\DynamicFastBuffers\DynamicFastBuffers\..\..\..\..\lib\i86Win32VS2010\DynamicFastBuffersz.lib
       FinalizeBuildStatus:
         Deleting file "Win32\Release\DynamicFastBuffers.unsuccessfulbuild".
         Touching "Win32\Release\DynamicFastBuffers.lastbuildstate".
     1>Done Building Project "D:\Proyectos\DynamicFastBuffers\win32\cpp\DynamicFastBuffers\DynamicFastBuffers\DynamicFastBuffers.vcxproj" (build target(s)).

Build succeeded.

Time Elapsed 00:00:04.52
