D:\PROYECTOS\DYNAMICFASTBUFFERS\LIB\I86WIN32VS2010\DYNAMICFASTBUFFERSD.DLL
D:\Proyectos\DynamicFastBuffers\lib\i86Win32VS2010\DynamicFastBuffersd.exp
D:\PROYECTOS\DYNAMICFASTBUFFERS\LIB\I86WIN32VS2010\DYNAMICFASTBUFFERSD.ILK
D:\Proyectos\DynamicFastBuffers\lib\i86Win32VS2010\DynamicFastBuffersd.lib
D:\PROYECTOS\DYNAMICFASTBUFFERS\LIB\I86WIN32VS2010\DYNAMICFASTBUFFERSD.PDB
D:\PROYECTOS\DYNAMICFASTBUFFERS\WIN32\CPP\DYNAMICFASTBUFFERS\DYNAMICFASTBUFFERS\WIN32\DEBUG\BYTECODEAPI.OBJ
D:\Proyectos\DynamicFastBuffers\win32\cpp\DynamicFastBuffers\DynamicFastBuffers\Win32\Debug\cl.command.1.tlog
D:\Proyectos\DynamicFastBuffers\win32\cpp\DynamicFastBuffers\DynamicFastBuffers\Win32\Debug\CL.read.1.tlog
D:\Proyectos\DynamicFastBuffers\win32\cpp\DynamicFastBuffers\DynamicFastBuffers\Win32\Debug\CL.write.1.tlog
D:\PROYECTOS\DYNAMICFASTBUFFERS\WIN32\CPP\DYNAMICFASTBUFFERS\DYNAMICFASTBUFFERS\WIN32\DEBUG\COMMONDATA.OBJ
D:\Proyectos\DynamicFastBuffers\win32\cpp\DynamicFastBuffers\DynamicFastBuffers\Win32\Debug\DynamicFastBuffers.write.1.tlog
D:\PROYECTOS\DYNAMICFASTBUFFERS\WIN32\CPP\DYNAMICFASTBUFFERS\DYNAMICFASTBUFFERS\WIN32\DEBUG\DYNAMICFASTBUFFERSD.DLL.EMBED.MANIFEST
D:\PROYECTOS\DYNAMICFASTBUFFERS\WIN32\CPP\DYNAMICFASTBUFFERS\DYNAMICFASTBUFFERS\WIN32\DEBUG\DYNAMICFASTBUFFERSD.DLL.EMBED.MANIFEST.RES
D:\PROYECTOS\DYNAMICFASTBUFFERS\WIN32\CPP\DYNAMICFASTBUFFERS\DYNAMICFASTBUFFERS\WIN32\DEBUG\DYNAMICFASTBUFFERSD.DLL.INTERMEDIATE.MANIFEST
D:\Proyectos\DynamicFastBuffers\win32\cpp\DynamicFastBuffers\DynamicFastBuffers\Win32\Debug\DynamicFastBuffersd_manifest.rc
D:\Proyectos\DynamicFastBuffers\win32\cpp\DynamicFastBuffers\DynamicFastBuffers\Win32\Debug\link.5348.read.1.tlog
D:\Proyectos\DynamicFastBuffers\win32\cpp\DynamicFastBuffers\DynamicFastBuffers\Win32\Debug\link.5348.write.1.tlog
D:\Proyectos\DynamicFastBuffers\win32\cpp\DynamicFastBuffers\DynamicFastBuffers\Win32\Debug\link.5348-cvtres.read.1.tlog
D:\Proyectos\DynamicFastBuffers\win32\cpp\DynamicFastBuffers\DynamicFastBuffers\Win32\Debug\link.5348-cvtres.write.1.tlog
D:\Proyectos\DynamicFastBuffers\win32\cpp\DynamicFastBuffers\DynamicFastBuffers\Win32\Debug\link.command.1.tlog
D:\Proyectos\DynamicFastBuffers\win32\cpp\DynamicFastBuffers\DynamicFastBuffers\Win32\Debug\link.read.1.tlog
D:\Proyectos\DynamicFastBuffers\win32\cpp\DynamicFastBuffers\DynamicFastBuffers\Win32\Debug\link.write.1.tlog
D:\Proyectos\DynamicFastBuffers\win32\cpp\DynamicFastBuffers\DynamicFastBuffers\Win32\Debug\link-cvtres.read.1.tlog
D:\Proyectos\DynamicFastBuffers\win32\cpp\DynamicFastBuffers\DynamicFastBuffers\Win32\Debug\link-cvtres.write.1.tlog
D:\PROYECTOS\DYNAMICFASTBUFFERS\WIN32\CPP\DYNAMICFASTBUFFERS\DYNAMICFASTBUFFERS\WIN32\DEBUG\MAIN.OBJ
D:\Proyectos\DynamicFastBuffers\win32\cpp\DynamicFastBuffers\DynamicFastBuffers\Win32\Debug\mt.command.1.tlog
D:\Proyectos\DynamicFastBuffers\win32\cpp\DynamicFastBuffers\DynamicFastBuffers\Win32\Debug\mt.read.1.tlog
D:\Proyectos\DynamicFastBuffers\win32\cpp\DynamicFastBuffers\DynamicFastBuffers\Win32\Debug\mt.write.1.tlog
D:\PROYECTOS\DYNAMICFASTBUFFERS\WIN32\CPP\DYNAMICFASTBUFFERS\DYNAMICFASTBUFFERS\WIN32\DEBUG\NOTENOUGHPARAMSEXCEPTION.OBJ
D:\Proyectos\DynamicFastBuffers\win32\cpp\DynamicFastBuffers\DynamicFastBuffers\Win32\Debug\rc.command.1.tlog
D:\Proyectos\DynamicFastBuffers\win32\cpp\DynamicFastBuffers\DynamicFastBuffers\Win32\Debug\rc.read.1.tlog
D:\Proyectos\DynamicFastBuffers\win32\cpp\DynamicFastBuffers\DynamicFastBuffers\Win32\Debug\rc.write.1.tlog
D:\PROYECTOS\DYNAMICFASTBUFFERS\WIN32\CPP\DYNAMICFASTBUFFERS\DYNAMICFASTBUFFERS\WIN32\DEBUG\SERIALIZERAPI.OBJ
D:\PROYECTOS\DYNAMICFASTBUFFERS\WIN32\CPP\DYNAMICFASTBUFFERS\DYNAMICFASTBUFFERS\WIN32\DEBUG\TYPECODEAPI.OBJ
D:\Proyectos\DynamicFastBuffers\win32\cpp\DynamicFastBuffers\DynamicFastBuffers\Win32\Debug\vc100.idb
D:\PROYECTOS\DYNAMICFASTBUFFERS\WIN32\CPP\DYNAMICFASTBUFFERS\DYNAMICFASTBUFFERS\WIN32\DEBUG\VC100.PDB
D:\PROYECTOS\DYNAMICFASTBUFFERS\WIN32\CPP\DYNAMICFASTBUFFERS\DYNAMICFASTBUFFERS\WIN32\DEBUG\WRONGPARAMEXCEPTION.OBJ
D:\PROYECTOS\DYNAMICFASTBUFFERS\WIN32\CPP\DYNAMICFASTBUFFERS\DYNAMICFASTBUFFERS\WIN32\DEBUG\WRONGTYPEEXCEPTION.OBJ
