D:\PROYECTOS\DYNAMICFASTBUFFERS\LIB\X64WIN64VS2010\DYNAMICFASTBUFFERS.DLL
D:\Proyectos\DynamicFastBuffers\lib\x64Win64VS2010\DynamicFastBuffers.exp
D:\Proyectos\DynamicFastBuffers\lib\x64Win64VS2010\DynamicFastBuffers.lib
D:\PROYECTOS\DYNAMICFASTBUFFERS\LIB\X64WIN64VS2010\DYNAMICFASTBUFFERS.PDB
D:\Proyectos\DynamicFastBuffers\win32\cpp\DynamicFastBuffers\DynamicFastBuffers\..\..\..\..\lib\x64Win64VS2010\DynamicFastBuffers.dll
D:\Proyectos\DynamicFastBuffers\win32\cpp\DynamicFastBuffers\DynamicFastBuffers\..\..\..\..\lib\x64Win64VS2010\DynamicFastBuffers.pdb
D:\PROYECTOS\DYNAMICFASTBUFFERS\WIN32\CPP\DYNAMICFASTBUFFERS\DYNAMICFASTBUFFERS\X64\RELEASEDLL\BYTECODEAPI.OBJ
D:\Proyectos\DynamicFastBuffers\win32\cpp\DynamicFastBuffers\DynamicFastBuffers\x64\ReleaseDLL\cl.command.1.tlog
D:\Proyectos\DynamicFastBuffers\win32\cpp\DynamicFastBuffers\DynamicFastBuffers\x64\ReleaseDLL\CL.read.1.tlog
D:\Proyectos\DynamicFastBuffers\win32\cpp\DynamicFastBuffers\DynamicFastBuffers\x64\ReleaseDLL\CL.write.1.tlog
D:\PROYECTOS\DYNAMICFASTBUFFERS\WIN32\CPP\DYNAMICFASTBUFFERS\DYNAMICFASTBUFFERS\X64\RELEASEDLL\COMMONDATA.OBJ
D:\PROYECTOS\DYNAMICFASTBUFFERS\WIN32\CPP\DYNAMICFASTBUFFERS\DYNAMICFASTBUFFERS\X64\RELEASEDLL\DYNAMICFASTBUFFERS.DLL.INTERMEDIATE.MANIFEST
D:\Proyectos\DynamicFastBuffers\win32\cpp\DynamicFastBuffers\DynamicFastBuffers\x64\ReleaseDLL\DynamicFastBuffers.write.1.tlog
D:\Proyectos\DynamicFastBuffers\win32\cpp\DynamicFastBuffers\DynamicFastBuffers\x64\ReleaseDLL\link.command.1.tlog
D:\Proyectos\DynamicFastBuffers\win32\cpp\DynamicFastBuffers\DynamicFastBuffers\x64\ReleaseDLL\link.read.1.tlog
D:\Proyectos\DynamicFastBuffers\win32\cpp\DynamicFastBuffers\DynamicFastBuffers\x64\ReleaseDLL\link.write.1.tlog
D:\PROYECTOS\DYNAMICFASTBUFFERS\WIN32\CPP\DYNAMICFASTBUFFERS\DYNAMICFASTBUFFERS\X64\RELEASEDLL\MAIN.OBJ
D:\Proyectos\DynamicFastBuffers\win32\cpp\DynamicFastBuffers\DynamicFastBuffers\x64\ReleaseDLL\mt.command.1.tlog
D:\Proyectos\DynamicFastBuffers\win32\cpp\DynamicFastBuffers\DynamicFastBuffers\x64\ReleaseDLL\mt.read.1.tlog
D:\Proyectos\DynamicFastBuffers\win32\cpp\DynamicFastBuffers\DynamicFastBuffers\x64\ReleaseDLL\mt.write.1.tlog
D:\PROYECTOS\DYNAMICFASTBUFFERS\WIN32\CPP\DYNAMICFASTBUFFERS\DYNAMICFASTBUFFERS\X64\RELEASEDLL\NOTENOUGHPARAMSEXCEPTION.OBJ
D:\PROYECTOS\DYNAMICFASTBUFFERS\WIN32\CPP\DYNAMICFASTBUFFERS\DYNAMICFASTBUFFERS\X64\RELEASEDLL\SERIALIZERAPI.OBJ
D:\PROYECTOS\DYNAMICFASTBUFFERS\WIN32\CPP\DYNAMICFASTBUFFERS\DYNAMICFASTBUFFERS\X64\RELEASEDLL\TYPECODEAPI.OBJ
D:\Proyectos\DynamicFastBuffers\win32\cpp\DynamicFastBuffers\DynamicFastBuffers\x64\ReleaseDLL\vc100.idb
D:\PROYECTOS\DYNAMICFASTBUFFERS\WIN32\CPP\DYNAMICFASTBUFFERS\DYNAMICFASTBUFFERS\X64\RELEASEDLL\VC100.PDB
D:\PROYECTOS\DYNAMICFASTBUFFERS\WIN32\CPP\DYNAMICFASTBUFFERS\DYNAMICFASTBUFFERS\X64\RELEASEDLL\WRONGPARAMEXCEPTION.OBJ
D:\PROYECTOS\DYNAMICFASTBUFFERS\WIN32\CPP\DYNAMICFASTBUFFERS\DYNAMICFASTBUFFERS\X64\RELEASEDLL\WRONGTYPEEXCEPTION.OBJ
